<?xml version="1.0" encoding="UTF-8"?>
<robot generator="Robot 3.0.4 (Python 3.6.2 on win32)" generated="20180603 12:30:44.608">
<suite id="s1" name="Test Suite" source="D:\python_work\Robot\test_suite.txt">
<test id="s1-t1" name="test case">
<kw name="Log" library="BuiltIn">
<doc>Logs the given message with the given level.</doc>
<arguments>
<arg>robot framework</arg>
</arguments>
<msg timestamp="20180603 12:30:44.635" level="INFO">robot framework</msg>
<status status="PASS" starttime="20180603 12:30:44.634" endtime="20180603 12:30:44.635"></status>
</kw>
<status status="PASS" starttime="20180603 12:30:44.634" endtime="20180603 12:30:44.635" critical="yes"></status>
</test>
<status status="PASS" starttime="20180603 12:30:44.612" endtime="20180603 12:30:44.635"></status>
</suite>
<statistics>
<total>
<stat pass="1" fail="0">Critical Tests</stat>
<stat pass="1" fail="0">All Tests</stat>
</total>
<tag>
</tag>
<suite>
<stat pass="1" fail="0" id="s1" name="Test Suite">Test Suite</stat>
</suite>
</statistics>
<errors>
</errors>
</robot>
